  main.cpp
c:\dev\c++\computervision\computervision\image.h(192): warning C4244: 'initializing': conversion from 'uint64_t' to 'uint16_t', possible loss of data
c:\dev\c++\computervision\computervision\image.h(204): warning C4244: 'argument': conversion from 'uint64_t' to 'int', possible loss of data
c:\dev\c++\computervision\computervision\image.h(209): warning C4244: 'argument': conversion from 'uint64_t' to 'int', possible loss of data
c:\dev\c++\computervision\computervision\image.h(214): warning C4244: 'argument': conversion from 'uint64_t' to 'int', possible loss of data
c:\dev\c++\computervision\computervision\image.h(219): warning C4244: 'argument': conversion from 'uint64_t' to 'int', possible loss of data
c:\dev\c++\computervision\computervision\image.h(235): warning C4244: 'argument': conversion from 'uint64_t' to 'int', possible loss of data
c:\dev\c++\computervision\computervision\image.h(237): warning C4244: 'argument': conversion from 'uint64_t' to 'int', possible loss of data
c:\dev\c++\computervision\computervision\image.h(245): warning C4244: 'argument': conversion from 'uint64_t' to 'int', possible loss of data
c:\dev\c++\computervision\computervision\image.h(247): warning C4244: 'argument': conversion from 'uint64_t' to 'int', possible loss of data
c:\dev\c++\computervision\computervision\image.h(254): warning C4244: 'argument': conversion from 'uint64_t' to 'int', possible loss of data
c:\dev\c++\computervision\computervision\image.h(256): warning C4244: 'argument': conversion from 'uint64_t' to 'int', possible loss of data
c:\dev\c++\computervision\computervision\image.h(263): warning C4244: 'argument': conversion from 'uint64_t' to 'int', possible loss of data
c:\dev\c++\computervision\computervision\image.h(264): warning C4244: 'argument': conversion from 'uint64_t' to 'int', possible loss of data
c:\dev\c++\computervision\computervision\image.h(285): warning C4244: 'argument': conversion from 'uint64_t' to 'int', possible loss of data
c:\dev\c++\computervision\computervision\image.h(297): warning C4244: 'argument': conversion from 'uint64_t' to 'int', possible loss of data
c:\dev\c++\computervision\computervision\image.h(309): warning C4244: 'argument': conversion from 'uint64_t' to 'int', possible loss of data
c:\dev\c++\computervision\computervision\safe_array.h(60): warning C4244: 'argument': conversion from 'uint64_t' to 'size_t', possible loss of data
  c:\dev\c++\computervision\computervision\safe_array.h(58): note: while compiling class template member function 'void safe_array<uint8_t>::clear(void)'
  c:\dev\c++\computervision\computervision\image.h(239): note: see reference to function template instantiation 'void safe_array<uint8_t>::clear(void)' being compiled
  c:\dev\c++\computervision\computervision\image.h(187): note: see reference to class template instantiation 'safe_array<uint8_t>' being compiled
c:\dev\c++\computervision\computervision\safe_array.h(32): warning C4244: 'initializing': conversion from 'uint64_t' to 'unsigned int', possible loss of data
  c:\dev\c++\computervision\computervision\safe_array.h(30): note: while compiling class template member function 'void safe_array<uint8_t>::constructArray(uint64_t)'
  c:\dev\c++\computervision\computervision\image.h(188): note: see reference to function template instantiation 'void safe_array<uint8_t>::constructArray(uint64_t)' being compiled
c:\dev\c++\computervision\computervision\safe_array.h(20): warning C4244: 'initializing': conversion from 'uint64_t' to 'unsigned int', possible loss of data
  c:\dev\c++\computervision\computervision\safe_array.h(18): note: while compiling class template member function 'safe_array<uint8_t>::safe_array(uint64_t)'
  c:\dev\c++\computervision\computervision\image.h(187): note: see reference to function template instantiation 'safe_array<uint8_t>::safe_array(uint64_t)' being compiled
c:\dev\c++\computervision\computervision\image.h(316): warning C4715: 'Image::loadBMP': not all control paths return a value
  ComputerVision.vcxproj -> C:\Dev\C++\ComputerVision\Debug\ComputerVision.exe
