  main.cpp
c:\dev\c++\computervision\computervision\simdmatrix.h(55): warning C4018: '<=': signed/unsigned mismatch
c:\dev\c++\computervision\computervision\simdmatrix.h(223): warning C4018: '<': signed/unsigned mismatch
c:\dev\c++\computervision\computervision\simdmatrix.h(282): warning C4018: '<': signed/unsigned mismatch
c:\dev\c++\computervision\computervision\simdmatrix.h(283): warning C4018: '<': signed/unsigned mismatch
c:\dev\c++\computervision\computervision\simdmatrix.h(327): warning C4018: '>=': signed/unsigned mismatch
c:\dev\c++\computervision\computervision\simdmatrix.h(428): warning C4244: 'initializing': conversion from 'double' to 'uint8_t', possible loss of data
c:\dev\c++\computervision\computervision\simdmatrix.h(435): warning C4244: '=': conversion from 'double' to 'uint8_t', possible loss of data
c:\dev\c++\computervision\computervision\simdmatrix.h(477): warning C4244: 'argument': conversion from 'double' to 'const uint8_t', possible loss of data
c:\dev\c++\computervision\computervision\simdmatrix.h(548): warning C4244: 'initializing': conversion from 'float' to 'uint8_t', possible loss of data
c:\dev\c++\computervision\computervision\simdmatrix.h(620): warning C4244: 'argument': conversion from 'double' to 'uint8_t', possible loss of data
c:\dev\c++\computervision\computervision\safe_array.h(58): warning C4244: 'argument': conversion from 'uint64_t' to 'size_t', possible loss of data
  c:\dev\c++\computervision\computervision\safe_array.h(56): note: while compiling class template member function 'void safe_array<Pixel>::clear(void)'
  c:\dev\c++\computervision\computervision\image.h(74): note: see reference to function template instantiation 'void safe_array<Pixel>::clear(void)' being compiled
  c:\dev\c++\computervision\computervision\image.h(45): note: see reference to class template instantiation 'safe_array<Pixel>' being compiled
c:\dev\c++\computervision\computervision\safe_array.h(30): warning C4244: 'initializing': conversion from 'uint64_t' to 'unsigned int', possible loss of data
  c:\dev\c++\computervision\computervision\safe_array.h(28): note: while compiling class template member function 'void safe_array<Pixel>::constructArray(uint64_t)'
  c:\dev\c++\computervision\computervision\image.h(94): note: see reference to function template instantiation 'void safe_array<Pixel>::constructArray(uint64_t)' being compiled
c:\dev\c++\computervision\computervision\safe_array.h(18): warning C4244: 'initializing': conversion from 'uint64_t' to 'unsigned int', possible loss of data
  c:\dev\c++\computervision\computervision\safe_array.h(16): note: while compiling class template member function 'safe_array<Pixel>::safe_array(uint64_t)'
  c:\dev\c++\computervision\computervision\image.h(53): note: see reference to function template instantiation 'safe_array<Pixel>::safe_array(uint64_t)' being compiled
  Generating code
c:\dev\c++\computervision\computervision\image.h(173): warning C4715: 'Image::loadBMP': not all control paths return a value
  9 of 150 functions ( 6.0%) were compiled, the rest were copied from previous compilation.
    1 functions were new in current compilation
    1 functions had inline decision re-evaluated but remain unchanged
  Finished generating code
  ComputerVision.vcxproj -> C:\Dev\C++\ComputerVision\Release\ComputerVision.exe
